Using pre-set license
Built from '2020.3/staging' branch; Version is '2020.3.9f1 (108be757e447) revision 1084391'; Using compiler version '192528614'; Build Type 'Release'
OS: 'Windows 10 Pro; OS build 19043.1165; Version 2009; 64bit' Language: 'en' Physical Memory: 16234 MB
BatchMode: 1, IsHumanControllingUs: 0, StartBugReporterOnCrash: 0, Is64bit: 1, IsPro: 0

 COMMAND LINE ARGUMENTS:
C:\Program Files\Unity\Hub\Editor\2020.3.9f1\Editor\Unity.exe
-adb2
-batchMode
-noUpm
-name
AssetImportWorker0
-projectPath
D:/Personal/Arhitectures/Arhitectures
-logFile
Logs/AssetImportWorker0.log
-srvPort
62208
Successfully changed project path to: D:/Personal/Arhitectures/Arhitectures
D:/Personal/Arhitectures/Arhitectures
Using Asset Import Pipeline V2.
Refreshing native plugins compatible for Editor in 14.85 ms, found 0 plugins.
Preloading 0 native plugins for Editor in 0.00 ms.
Initialize engine version: 2020.3.9f1 (108be757e447)
[Subsystems] Discovering subsystems at path C:/Program Files/Unity/Hub/Editor/2020.3.9f1/Editor/Data/Resources/UnitySubsystems
[Subsystems] Discovering subsystems at path D:/Personal/Arhitectures/Arhitectures/Assets
GfxDevice: creating device client; threaded=0
Direct3D:
    Version:  Direct3D 11.0 [level 11.1]
    Renderer: NVIDIA GeForce RTX 2060 SUPER (ID=0x1f06)
    Vendor:   
    VRAM:     8031 MB
    Driver:   30.0.14.7168
Initialize mono
Mono path[0] = 'C:/Program Files/Unity/Hub/Editor/2020.3.9f1/Editor/Data/Managed'
Mono path[1] = 'C:/Program Files/Unity/Hub/Editor/2020.3.9f1/Editor/Data/MonoBleedingEdge/lib/mono/unityjit'
Mono config path = 'C:/Program Files/Unity/Hub/Editor/2020.3.9f1/Editor/Data/MonoBleedingEdge/etc'
Using monoOptions --debugger-agent=transport=dt_socket,embedding=1,server=y,suspend=n,address=127.0.0.1:56316
Begin MonoManager ReloadAssembly
Registering precompiled unity dll's ...
Register platform support module: C:/Program Files/Unity/Hub/Editor/2020.3.9f1/Editor/Data/PlaybackEngines/WindowsStandaloneSupport/UnityEditor.WindowsStandalone.Extensions.dll
Registered in 0.001101 seconds.
Native extension for WindowsStandalone target not found
Refreshing native plugins compatible for Editor in 16.86 ms, found 0 plugins.
Preloading 0 native plugins for Editor in 0.00 ms.
Mono: successfully reloaded assembly
- Completed reload, in  1.253 seconds
Platform modules already initialized, skipping
Registering precompiled user dll's ...
Registered in 0.000336 seconds.
Begin MonoManager ReloadAssembly
Native extension for WindowsStandalone target not found
Refreshing native plugins compatible for Editor in 0.16 ms, found 0 plugins.
Preloading 0 native plugins for Editor in 0.00 ms.
Mono: successfully reloaded assembly
- Completed reload, in  0.550 seconds
Platform modules already initialized, skipping
========================================================================
Worker process is ready to serve import requests
Launched and connected shader compiler UnityShaderCompiler.exe after 0.03 seconds
Refreshing native plugins compatible for Editor in 0.17 ms, found 0 plugins.
Preloading 0 native plugins for Editor in 0.00 ms.
Unloading 1141 Unused Serialized files (Serialized files now loaded: 0)
System memory in use before: 57.7 MB.
System memory in use after: 57.7 MB.

Unloading 10 unused Assets to reduce memory usage. Loaded Objects now: 1584.
Total: 1.248000 ms (FindLiveObjects: 0.098000 ms CreateObjectMapping: 0.025000 ms MarkObjects: 1.062700 ms  DeleteObjects: 0.061200 ms)

========================================================================
Received Import Request.
  path: Assets/maleric/Core
  artifactKey: Guid(cae22a642d44e204fab75426241eda5f) Importer(815301076,1909f56bfc062723c751e8b465ee728b)
Start importing Assets/maleric/Core using Guid(cae22a642d44e204fab75426241eda5f) Importer(815301076,1909f56bfc062723c751e8b465ee728b)  -> (artifact id: 'bdacc5aeb281df57c9eaf600eeb4be6b') in 0.008194 seconds
  Import took 0.010313 seconds .

========================================================================
Received Import Request.
  Time since last request: 0.000400 seconds.
  path: Assets/maleric
  artifactKey: Guid(a87c6ba3a22695e40985d91184c0021a) Importer(815301076,1909f56bfc062723c751e8b465ee728b)
Start importing Assets/maleric using Guid(a87c6ba3a22695e40985d91184c0021a) Importer(815301076,1909f56bfc062723c751e8b465ee728b)  -> (artifact id: '5bfc02bc6263fb9badaff585ea68f35f') in 0.004889 seconds
  Import took 0.006783 seconds .

========================================================================
Received Import Request.
  Time since last request: 81.183515 seconds.
  path: Assets/maleric/Example/Menu.unity
  artifactKey: Guid(1e3894cd5e6caad4eb0fbf99d153be5c) Importer(815301076,1909f56bfc062723c751e8b465ee728b)
Start importing Assets/maleric/Example/Menu.unity using Guid(1e3894cd5e6caad4eb0fbf99d153be5c) Importer(815301076,1909f56bfc062723c751e8b465ee728b)  -> (artifact id: '94a413cb2e956bf1308c7a70101a3945') in 0.013025 seconds
  Import took 0.015151 seconds .

========================================================================
Received Prepare
Registering precompiled user dll's ...
Registered in 0.000689 seconds.
Begin MonoManager ReloadAssembly
Native extension for WindowsStandalone target not found
Refreshing native plugins compatible for Editor in 0.21 ms, found 0 plugins.
Preloading 0 native plugins for Editor in 0.00 ms.
Mono: successfully reloaded assembly
- Completed reload, in  0.904 seconds
Platform modules already initialized, skipping
Refreshing native plugins compatible for Editor in 0.30 ms, found 0 plugins.
Preloading 0 native plugins for Editor in 0.00 ms.
Unloading 1136 Unused Serialized files (Serialized files now loaded: 0)
System memory in use before: 57.6 MB.
System memory in use after: 57.7 MB.

Unloading 5 unused Assets to reduce memory usage. Loaded Objects now: 1587.
Total: 2.470000 ms (FindLiveObjects: 0.262200 ms CreateObjectMapping: 0.077000 ms MarkObjects: 2.074300 ms  DeleteObjects: 0.054300 ms)

========================================================================
Received Prepare
Registering precompiled user dll's ...
Registered in 0.000404 seconds.
Begin MonoManager ReloadAssembly
Native extension for WindowsStandalone target not found
Refreshing native plugins compatible for Editor in 0.16 ms, found 0 plugins.
Preloading 0 native plugins for Editor in 0.00 ms.
Mono: successfully reloaded assembly
- Completed reload, in  0.505 seconds
Platform modules already initialized, skipping
Refreshing native plugins compatible for Editor in 0.17 ms, found 0 plugins.
Preloading 0 native plugins for Editor in 0.00 ms.
Unloading 1136 Unused Serialized files (Serialized files now loaded: 0)
System memory in use before: 57.7 MB.
System memory in use after: 57.7 MB.

Unloading 5 unused Assets to reduce memory usage. Loaded Objects now: 1590.
Total: 1.304900 ms (FindLiveObjects: 0.092600 ms CreateObjectMapping: 0.023800 ms MarkObjects: 1.135200 ms  DeleteObjects: 0.052600 ms)

