Using pre-set license
Built from '2020.3/staging' branch; Version is '2020.3.9f1 (108be757e447) revision 1084391'; Using compiler version '192528614'; Build Type 'Release'
OS: 'Windows 10 Pro; OS build 19042.1110; Version 2009; 64bit' Language: 'en' Physical Memory: 24536 MB
BatchMode: 1, IsHumanControllingUs: 0, StartBugReporterOnCrash: 0, Is64bit: 1, IsPro: 0

 COMMAND LINE ARGUMENTS:
D:\Program Files\UnityHub\2020.3.9f1\Editor\Unity.exe
-adb2
-batchMode
-noUpm
-name
AssetImportWorker0
-projectPath
J:/Projects Backup/Arhitectures/Arhitectures
-logFile
Logs/AssetImportWorker0.log
-srvPort
63571
Successfully changed project path to: J:/Projects Backup/Arhitectures/Arhitectures
J:/Projects Backup/Arhitectures/Arhitectures
Using Asset Import Pipeline V2.
Refreshing native plugins compatible for Editor in 102.32 ms, found 0 plugins.
Preloading 0 native plugins for Editor in 0.00 ms.
Initialize engine version: 2020.3.9f1 (108be757e447)
[Subsystems] Discovering subsystems at path D:/Program Files/UnityHub/2020.3.9f1/Editor/Data/Resources/UnitySubsystems
[Subsystems] Discovering subsystems at path J:/Projects Backup/Arhitectures/Arhitectures/Assets
GfxDevice: creating device client; threaded=0
Direct3D:
    Version:  Direct3D 11.0 [level 11.1]
    Renderer: NVIDIA GeForce RTX 2060 SUPER (ID=0x1f06)
    Vendor:   
    VRAM:     8031 MB
    Driver:   30.0.14.7141
Initialize mono
Mono path[0] = 'D:/Program Files/UnityHub/2020.3.9f1/Editor/Data/Managed'
Mono path[1] = 'D:/Program Files/UnityHub/2020.3.9f1/Editor/Data/MonoBleedingEdge/lib/mono/unityjit'
Mono config path = 'D:/Program Files/UnityHub/2020.3.9f1/Editor/Data/MonoBleedingEdge/etc'
Using monoOptions --debugger-agent=transport=dt_socket,embedding=1,server=y,suspend=n,address=127.0.0.1:56924
Begin MonoManager ReloadAssembly
Registering precompiled unity dll's ...
Register platform support module: D:/Program Files/UnityHub/2020.3.9f1/Editor/Data/PlaybackEngines/WindowsStandaloneSupport/UnityEditor.WindowsStandalone.Extensions.dll
Registered in 0.001297 seconds.
Native extension for WindowsStandalone target not found
Refreshing native plugins compatible for Editor in 91.79 ms, found 0 plugins.
Preloading 0 native plugins for Editor in 0.00 ms.
Mono: successfully reloaded assembly
- Completed reload, in 11.807 seconds
Platform modules already initialized, skipping
Registering precompiled user dll's ...
Registered in 0.001636 seconds.
Begin MonoManager ReloadAssembly
Native extension for WindowsStandalone target not found
Refreshing native plugins compatible for Editor in 0.26 ms, found 0 plugins.
Preloading 0 native plugins for Editor in 0.00 ms.
Mono: successfully reloaded assembly
- Completed reload, in  0.946 seconds
Platform modules already initialized, skipping
========================================================================
Worker process is ready to serve import requests
Launched and connected shader compiler UnityShaderCompiler.exe after 0.18 seconds
Refreshing native plugins compatible for Editor in 0.21 ms, found 0 plugins.
Preloading 0 native plugins for Editor in 0.00 ms.
Unloading 1135 Unused Serialized files (Serialized files now loaded: 0)
System memory in use before: 57.7 MB.
System memory in use after: 57.8 MB.

Unloading 10 unused Assets to reduce memory usage. Loaded Objects now: 1577.
Total: 2.673900 ms (FindLiveObjects: 0.147800 ms CreateObjectMapping: 0.038200 ms MarkObjects: 2.394200 ms  DeleteObjects: 0.092100 ms)

========================================================================
Received Import Request.
  path: Assets/maleric/Example/Game.unity
  artifactKey: Guid(e54fef42228bb9f4eb952d36b8959971) Importer(815301076,1909f56bfc062723c751e8b465ee728b)
Start importing Assets/maleric/Example/Game.unity using Guid(e54fef42228bb9f4eb952d36b8959971) Importer(815301076,1909f56bfc062723c751e8b465ee728b)  -> (artifact id: '76f5d42a2a198ff8855a3c8ca4adb0ed') in 0.020839 seconds
  Import took 0.023057 seconds .

========================================================================
Received Import Request.
  Time since last request: 0.000194 seconds.
  path: Assets/maleric/Example/Menu.unity
  artifactKey: Guid(1e3894cd5e6caad4eb0fbf99d153be5c) Importer(815301076,1909f56bfc062723c751e8b465ee728b)
Start importing Assets/maleric/Example/Menu.unity using Guid(1e3894cd5e6caad4eb0fbf99d153be5c) Importer(815301076,1909f56bfc062723c751e8b465ee728b)  -> (artifact id: 'fb805023ccf3b04811330d01b3fd7505') in 0.020584 seconds
  Import took 0.025922 seconds .

========================================================================
Received Prepare
Registering precompiled user dll's ...
Registered in 0.006906 seconds.
Begin MonoManager ReloadAssembly
Native extension for WindowsStandalone target not found
Refreshing native plugins compatible for Editor in 0.40 ms, found 0 plugins.
Preloading 0 native plugins for Editor in 0.00 ms.
Mono: successfully reloaded assembly
- Completed reload, in  6.162 seconds
Platform modules already initialized, skipping
Refreshing native plugins compatible for Editor in 1.34 ms, found 0 plugins.
Preloading 0 native plugins for Editor in 0.00 ms.
Unloading 1131 Unused Serialized files (Serialized files now loaded: 0)
System memory in use before: 57.7 MB.
System memory in use after: 57.8 MB.

Unloading 5 unused Assets to reduce memory usage. Loaded Objects now: 1581.
Total: 8.482400 ms (FindLiveObjects: 0.828200 ms CreateObjectMapping: 0.056000 ms MarkObjects: 7.523100 ms  DeleteObjects: 0.072700 ms)

========================================================================
Received Import Request.
  Time since last request: 177.754184 seconds.
  path: Assets/maleric/Example/Game.unity
  artifactKey: Guid(e54fef42228bb9f4eb952d36b8959971) Importer(815301076,1909f56bfc062723c751e8b465ee728b)
Start importing Assets/maleric/Example/Game.unity using Guid(e54fef42228bb9f4eb952d36b8959971) Importer(815301076,1909f56bfc062723c751e8b465ee728b)  -> (artifact id: '7b5ac248aff29db1d18b829a94773c93') in 0.046226 seconds
  Import took 0.055283 seconds .

========================================================================
Received Import Request.
  Time since last request: 1.163691 seconds.
  path: Assets/maleric/Example/Menu.unity
  artifactKey: Guid(1e3894cd5e6caad4eb0fbf99d153be5c) Importer(815301076,1909f56bfc062723c751e8b465ee728b)
Start importing Assets/maleric/Example/Menu.unity using Guid(1e3894cd5e6caad4eb0fbf99d153be5c) Importer(815301076,1909f56bfc062723c751e8b465ee728b)  -> (artifact id: '1435d2aa8d4351cd6f63b5961a76a9a7') in 0.034306 seconds
  Import took 0.037693 seconds .

========================================================================
Received Prepare
Registering precompiled user dll's ...
Registered in 0.000911 seconds.
Begin MonoManager ReloadAssembly
Native extension for WindowsStandalone target not found
Refreshing native plugins compatible for Editor in 0.27 ms, found 0 plugins.
Preloading 0 native plugins for Editor in 0.00 ms.
Mono: successfully reloaded assembly
- Completed reload, in  1.662 seconds
Platform modules already initialized, skipping
Refreshing native plugins compatible for Editor in 0.26 ms, found 0 plugins.
Preloading 0 native plugins for Editor in 0.00 ms.
Unloading 1132 Unused Serialized files (Serialized files now loaded: 0)
System memory in use before: 57.8 MB.
System memory in use after: 57.8 MB.

Unloading 5 unused Assets to reduce memory usage. Loaded Objects now: 1585.
Total: 10.911200 ms (FindLiveObjects: 0.329000 ms CreateObjectMapping: 0.121900 ms MarkObjects: 10.394900 ms  DeleteObjects: 0.063900 ms)

========================================================================
Received Prepare
Registering precompiled user dll's ...
Registered in 0.000728 seconds.
Begin MonoManager ReloadAssembly
Native extension for WindowsStandalone target not found
Refreshing native plugins compatible for Editor in 0.21 ms, found 0 plugins.
Preloading 0 native plugins for Editor in 0.00 ms.
Mono: successfully reloaded assembly
- Completed reload, in  2.163 seconds
Platform modules already initialized, skipping
Refreshing native plugins compatible for Editor in 0.30 ms, found 0 plugins.
Preloading 0 native plugins for Editor in 0.00 ms.
Unloading 1132 Unused Serialized files (Serialized files now loaded: 0)
System memory in use before: 57.8 MB.
System memory in use after: 57.8 MB.

Unloading 5 unused Assets to reduce memory usage. Loaded Objects now: 1588.
Total: 2.790200 ms (FindLiveObjects: 0.321100 ms CreateObjectMapping: 0.066300 ms MarkObjects: 2.348600 ms  DeleteObjects: 0.052700 ms)

========================================================================
Received Prepare
Registering precompiled user dll's ...
Registered in 0.012292 seconds.
Begin MonoManager ReloadAssembly
Native extension for WindowsStandalone target not found
Refreshing native plugins compatible for Editor in 8.40 ms, found 0 plugins.
Preloading 0 native plugins for Editor in 0.00 ms.
Mono: successfully reloaded assembly
- Completed reload, in 14.452 seconds
Platform modules already initialized, skipping
Refreshing native plugins compatible for Editor in 1.06 ms, found 0 plugins.
Preloading 0 native plugins for Editor in 0.00 ms.
Unloading 1132 Unused Serialized files (Serialized files now loaded: 0)
System memory in use before: 57.8 MB.
System memory in use after: 57.9 MB.

Unloading 5 unused Assets to reduce memory usage. Loaded Objects now: 1591.
Total: 10.594400 ms (FindLiveObjects: 0.150000 ms CreateObjectMapping: 0.039500 ms MarkObjects: 9.898500 ms  DeleteObjects: 0.503300 ms)

========================================================================
Received Prepare
Registering precompiled user dll's ...
Registered in 0.001095 seconds.
Begin MonoManager ReloadAssembly
Native extension for WindowsStandalone target not found
Refreshing native plugins compatible for Editor in 0.32 ms, found 0 plugins.
Preloading 0 native plugins for Editor in 0.00 ms.
Mono: successfully reloaded assembly
- Completed reload, in 15.278 seconds
Platform modules already initialized, skipping
Refreshing native plugins compatible for Editor in 0.69 ms, found 0 plugins.
Preloading 0 native plugins for Editor in 0.00 ms.
Unloading 1132 Unused Serialized files (Serialized files now loaded: 0)
System memory in use before: 57.8 MB.
System memory in use after: 57.9 MB.

Unloading 5 unused Assets to reduce memory usage. Loaded Objects now: 1594.
Total: 51.183300 ms (FindLiveObjects: 14.805900 ms CreateObjectMapping: 11.974900 ms MarkObjects: 24.339400 ms  DeleteObjects: 0.061000 ms)

========================================================================
Received Prepare
Registering precompiled user dll's ...
Registered in 0.000626 seconds.
Begin MonoManager ReloadAssembly
Native extension for WindowsStandalone target not found
Refreshing native plugins compatible for Editor in 0.50 ms, found 0 plugins.
Preloading 0 native plugins for Editor in 0.00 ms.
Mono: successfully reloaded assembly
- Completed reload, in 13.855 seconds
Platform modules already initialized, skipping
Refreshing native plugins compatible for Editor in 0.53 ms, found 0 plugins.
Preloading 0 native plugins for Editor in 0.00 ms.
Unloading 1132 Unused Serialized files (Serialized files now loaded: 0)
System memory in use before: 57.8 MB.
System memory in use after: 57.9 MB.

Unloading 5 unused Assets to reduce memory usage. Loaded Objects now: 1597.
Total: 141.278000 ms (FindLiveObjects: 0.631800 ms CreateObjectMapping: 0.101100 ms MarkObjects: 139.851200 ms  DeleteObjects: 0.688700 ms)

AssetImportWorkerClient::OnTransportError - code=2 error=End of file
